  Main.cpp
C:\Users\Middl\source\repos\Pong\Pong\Main.cpp(36,33): warning C4244: '=': conversion from 'int' to 'float', possible loss of data
C:\Users\Middl\source\repos\Pong\Pong\Main.cpp(37,34): warning C4244: '=': conversion from 'int' to 'float', possible loss of data
C:\Users\Middl\source\repos\Pong\Pong\Main.cpp(40,25): warning C4244: '=': conversion from 'int' to 'float', possible loss of data
C:\Users\Middl\source\repos\Pong\Pong\Main.cpp(41,25): warning C4244: '=': conversion from 'int' to 'float', possible loss of data
C:\Users\Middl\source\repos\Pong\Pong\Main.cpp(48,48): warning C4244: 'argument': conversion from 'int' to 'float', possible loss of data
C:\Users\Middl\source\repos\Pong\Pong\Main.cpp(48,42): warning C4244: 'argument': conversion from 'float' to 'int', possible loss of data
C:\Users\Middl\source\repos\Pong\Pong\Main.cpp(48,25): warning C4244: 'argument': conversion from 'float' to 'int', possible loss of data
C:\Users\Middl\source\repos\Pong\Pong\Main.cpp(49,38): warning C4244: 'argument': conversion from 'int' to 'float', possible loss of data
C:\Users\Middl\source\repos\Pong\Pong\Main.cpp(49,34): warning C4244: 'argument': conversion from 'float' to 'int', possible loss of data
C:\Users\Middl\source\repos\Pong\Pong\Main.cpp(49,22): warning C4244: 'argument': conversion from 'float' to 'int', possible loss of data
C:\Users\Middl\source\repos\Pong\Pong\Main.cpp(79,33): warning C4244: '=': conversion from 'int' to 'float', possible loss of data
C:\Users\Middl\source\repos\Pong\Pong\Main.cpp(80,34): warning C4244: '=': conversion from 'int' to 'float', possible loss of data
C:\Users\Middl\source\repos\Pong\Pong\Main.cpp(84,25): warning C4244: '=': conversion from 'int' to 'float', possible loss of data
C:\Users\Middl\source\repos\Pong\Pong\Main.cpp(85,25): warning C4244: '=': conversion from 'int' to 'float', possible loss of data
C:\Users\Middl\source\repos\Pong\Pong\Main.cpp(145,84): warning C4305: 'argument': truncation from 'double' to 'float'
C:\Users\Middl\source\repos\Pong\Pong\Main.cpp(146,29): warning C4305: 'argument': truncation from 'double' to 'float'
C:\Users\Middl\source\repos\Pong\Pong\Main.cpp(164,16): warning C4244: '=': conversion from 'int' to 'float', possible loss of data
C:\Users\Middl\source\repos\Pong\Pong\Main.cpp(165,38): warning C4244: '=': conversion from 'int' to 'float', possible loss of data
C:\Users\Middl\source\repos\Pong\Pong\Main.cpp(222,81): warning C4244: 'argument': conversion from 'float' to 'int', possible loss of data
C:\Users\Middl\source\repos\Pong\Pong\Main.cpp(222,66): warning C4244: 'argument': conversion from 'float' to 'int', possible loss of data
C:\Users\Middl\source\repos\Pong\Pong\Main.cpp(222,51): warning C4244: 'argument': conversion from 'float' to 'int', possible loss of data
C:\Users\Middl\source\repos\Pong\Pong\Main.cpp(222,39): warning C4244: 'argument': conversion from 'float' to 'int', possible loss of data
C:\Users\Middl\source\repos\Pong\Pong\Main.cpp(222,162): warning C4244: 'argument': conversion from 'float' to 'int', possible loss of data
C:\Users\Middl\source\repos\Pong\Pong\Main.cpp(222,147): warning C4244: 'argument': conversion from 'float' to 'int', possible loss of data
C:\Users\Middl\source\repos\Pong\Pong\Main.cpp(222,132): warning C4244: 'argument': conversion from 'float' to 'int', possible loss of data
C:\Users\Middl\source\repos\Pong\Pong\Main.cpp(222,120): warning C4244: 'argument': conversion from 'float' to 'int', possible loss of data
C:\Users\Middl\source\repos\Pong\Pong\Main.cpp(223,125): warning C4244: 'argument': conversion from 'float' to 'int', possible loss of data
C:\Users\Middl\source\repos\Pong\Pong\Main.cpp(223,57): warning C4244: 'argument': conversion from 'float' to 'int', possible loss of data
C:\Users\Middl\source\repos\Pong\Pong\Main.cpp(228,103): warning C4244: 'argument': conversion from 'float' to 'int', possible loss of data
C:\Users\Middl\source\repos\Pong\Pong\Main.cpp(228,88): warning C4244: 'argument': conversion from 'float' to 'int', possible loss of data
C:\Users\Middl\source\repos\Pong\Pong\Main.cpp(228,65): warning C4244: 'argument': conversion from 'float' to 'int', possible loss of data
C:\Users\Middl\source\repos\Pong\Pong\Main.cpp(228,42): warning C4244: 'argument': conversion from 'float' to 'int', possible loss of data
C:\Users\Middl\source\repos\Pong\Pong\Main.cpp(228,206): warning C4244: 'argument': conversion from 'float' to 'int', possible loss of data
C:\Users\Middl\source\repos\Pong\Pong\Main.cpp(228,191): warning C4244: 'argument': conversion from 'float' to 'int', possible loss of data
C:\Users\Middl\source\repos\Pong\Pong\Main.cpp(228,168): warning C4244: 'argument': conversion from 'float' to 'int', possible loss of data
C:\Users\Middl\source\repos\Pong\Pong\Main.cpp(228,145): warning C4244: 'argument': conversion from 'float' to 'int', possible loss of data
C:\Users\Middl\source\repos\Pong\Pong\Main.cpp(229,145): warning C4244: 'argument': conversion from 'float' to 'int', possible loss of data
C:\Users\Middl\source\repos\Pong\Pong\Main.cpp(229,93): warning C4244: 'argument': conversion from 'float' to 'int', possible loss of data
C:\Users\Middl\source\repos\Pong\Pong\Main.cpp(285,12): warning C4244: 'argument': conversion from 'time_t' to 'unsigned int', possible loss of data
C:\Users\Middl\source\repos\Pong\Pong\Main.cpp(322,33): warning C4244: 'argument': conversion from 'float' to 'int', possible loss of data
C:\Users\Middl\source\repos\Pong\Pong\Main.cpp(324,66): warning C4244: 'argument': conversion from 'int' to 'float', possible loss of data
C:\Users\Middl\source\repos\Pong\Pong\Main.cpp(329,71): warning C4244: 'argument': conversion from 'int' to 'float', possible loss of data
  Generating code
  2 of 110 functions ( 1.8%) were compiled, the rest were copied from previous compilation.
    0 functions were new in current compilation
    0 functions had inline decision re-evaluated but remain unchanged
  Finished generating code
  Pong.vcxproj -> C:\Users\Middl\source\repos\Pong\x64\Release\Pong.exe
